nohup: /Users/dushengchen/work/onLogin/action/nohup.out: Permission denied
nohup: /Users/dushengchen/work/onLogin/action/nohup.out: Permission denied
nohup: /Users/dushengchen/work/onLogin/action/nohup.out: Permission denied
nohup: /Users/dushengchen/work/onLogin/action/nohup.out: Permission denied
nohup: /Users/dushengchen/work/onLogin/action/nohup.out: Permission denied
nohup: nohup: /Users/dushengchen/work/onLogin/action/nohup.out/Users/dushengchen/work/onLogin/action/nohup.out: : No such file or directory
No such file or directory
nohup: nohup: /Users/dushengchen/work/onLogin/action/nohup.out: /Users/dushengchen/work/onLogin/action/nohup.out: No such file or directory
No such file or directory
nohup: nohup: /Users/dushengchen/work/onLogin/action/nohup.out: No such file or directory
/Users/dushengchen/work/onLogin/action/nohup.out: No such file or directory
nohup: nohup: nohup: nohup: nohup: /Users/dushengchen/work/onLogin/action/nohup.outnohup: : /Users/dushengchen/work/onLogin/action/nohup.out: No such file or directory
No such file or directory
/Users/dushengchen/work/onLogin/action/nohup.out/Users/dushengchen/work/onLogin/action/nohup.out: : No such file or directory
No such file or directory
/Users/dushengchen/work/onLogin/action/nohup.out: No such file or directory
/Users/dushengchen/work/onLogin/action/nohup.out: No such file or directory
nohup: nohup: nohup: nohup: nohup: nohup: nohup: /Users/dushengchen/work/onLogin/action/nohup.out/Users/dushengchen/work/onLogin/action/nohup.out: /Users/dushengchen/work/onLogin/action/nohup.out: : Permission denied
Permission denied
Permission denied
/Users/dushengchen/work/onLogin/action/nohup.out/Users/dushengchen/work/onLogin/action/nohup.out: : Permission denied
Permission denied
/Users/dushengchen/work/onLogin/action/nohup.out: Permission denied
/Users/dushengchen/work/onLogin/action/nohup.out: Permission denied
nohup: nohup: nohup: nohup: nohup: nohup: nohup: /Users/dushengchen/work/onLogin/action/nohup.out/Users/dushengchen/work/onLogin/action/nohup.out/Users/dushengchen/work/onLogin/action/nohup.out: /Users/dushengchen/work/onLogin/action/nohup.out: : : Permission denied
Permission denied
Permission denied
Permission denied
/Users/dushengchen/work/onLogin/action/nohup.out/Users/dushengchen/work/onLogin/action/nohup.out/Users/dushengchen/work/onLogin/action/nohup.out: : Permission denied
Permission denied
: Permission denied
